<?xml version="1.0" encoding="UTF-8"?>
<!-- Generated by org.testng.reporters.JUnitReportReporter -->
<testsuite hostname="arinsark-ws01" name="OfferUpdate" tests="1" failures="0" timestamp="9 Aug 2017 17:29:38 GMT" time="588.286" errors="0">
  <testcase name="offerUpdate" time="588.286" classname="OfferUpdate"/>
</testsuite> <!-- OfferUpdate -->
