<?xml version="1.0" encoding="UTF-8"?>
<!-- Generated by org.testng.reporters.JUnitReportReporter -->
<testsuite hostname="DESKTOP-J9L9AA4" failures="0" tests="1" name="OfferUpdate" time="265.171" errors="0" timestamp="2021-03-28T11:47:48 IST" skipped="0">
  <testcase classname="OfferUpdate" name="offerUpdate" time="265.171"/>
  <system-out/>
</testsuite> <!-- OfferUpdate -->
