<?xml version="1.0" encoding="UTF-8"?>
<!-- Generated by org.testng.reporters.JUnitReportReporter -->
<testsuite hostname="arinsark-ws01" name="OfferUpdate" tests="1" failures="0" timestamp="10 Aug 2017 07:35:18 GMT" time="337.694" errors="0">
  <testcase name="offerUpdate" time="337.694" classname="OfferUpdate"/>
</testsuite> <!-- OfferUpdate -->
