<?xml version="1.0" encoding="UTF-8"?>
<!-- Generated by org.testng.reporters.JUnitReportReporter -->
<testsuite hostname="arinsark-ws01" name="OfferUpdate" tests="1" failures="0" timestamp="16 Jan 2019 12:36:52 GMT" time="770.745" errors="0">
  <testcase name="offerUpdate" time="770.745" classname="OfferUpdate"/>
</testsuite> <!-- OfferUpdate -->
