<?xml version="1.0" encoding="UTF-8"?>
<!-- Generated by org.testng.reporters.JUnitReportReporter -->
<testsuite hostname="arinsark-ws01" name="OfferUpdate" tests="1" failures="0" timestamp="9 Aug 2017 15:54:15 GMT" time="136.714" errors="0">
  <testcase name="offerUpdate" time="136.714" classname="OfferUpdate"/>
</testsuite> <!-- OfferUpdate -->
