<?xml version="1.0" encoding="UTF-8"?>
<!-- Generated by org.testng.reporters.JUnitReportReporter -->
<testsuite hostname="DESKTOP-A2MT0TB" name="OfferUpdate" tests="1" failures="0" timestamp="30 Mar 2019 12:45:05 GMT" time="7333.977" errors="0">
  <testcase name="offerUpdate" time="7333.977" classname="OfferUpdate"/>
</testsuite> <!-- OfferUpdate -->
