<?xml version="1.0" encoding="UTF-8"?>
<!-- Generated by org.testng.reporters.JUnitReportReporter -->
<testsuite hostname="arinsark-ws01" name="OfferUpdate" tests="1" failures="0" timestamp="9 Aug 2017 17:31:39 GMT" time="89.587" errors="0">
  <testcase name="offerUpdate" time="89.587" classname="OfferUpdate"/>
</testsuite>
